[2020-04-07 15:55:47.958] [jointLog] [info] Fragment incompatibility prior below threshold.  Incompatible fragments will be ignored.
[2020-04-07 15:55:47.958] [jointLog] [info] Usage of --validateMappings implies use of minScoreFraction. Since not explicitly specified, it is being set to 0.65
[2020-04-07 15:55:47.958] [jointLog] [info] Usage of --validateMappings implies a default consensus slack of 0.2. Setting consensusSlack to 0.35.
[2020-04-07 15:55:47.958] [jointLog] [info] parsing read library format
[2020-04-07 15:55:47.958] [jointLog] [info] There is 1 library.
[2020-04-07 15:55:48.129] [jointLog] [info] Loading pufferfish index
[2020-04-07 15:55:48.129] [jointLog] [info] Loading dense pufferfish index.
[2020-04-07 15:55:49.038] [jointLog] [info] done
[2020-04-07 15:55:49.038] [jointLog] [info] Index contained 31,940 targets
[2020-04-07 15:55:49.052] [jointLog] [info] Number of decoys : 1,870
[2020-04-07 15:55:49.052] [jointLog] [info] First decoy index : 30,069 
[2020-04-07 15:55:49.265] [jointLog] [info] Automatically detected most likely library type as U
[2020-04-07 15:56:09.685] [jointLog] [info] Computed 38,961 rich equivalence classes for further processing
[2020-04-07 15:56:09.685] [jointLog] [info] Counted 12,540,216 total reads in the equivalence classes 
[2020-04-07 15:56:09.691] [jointLog] [info] Number of mappings discarded because of alignment score : 725,342
[2020-04-07 15:56:09.691] [jointLog] [info] Number of fragments entirely discarded because of alignment score : 91,922
[2020-04-07 15:56:09.691] [jointLog] [info] Number of fragments discarded because they are best-mapped to decoys : 39,053
[2020-04-07 15:56:09.691] [jointLog] [info] Number of fragments discarded because they have only dovetail (discordant) mappings to valid targets : 0
[2020-04-07 15:56:09.691] [jointLog] [info] Mapping rate = 68.7179%

[2020-04-07 15:56:09.691] [jointLog] [info] finished quantifyLibrary()
[2020-04-07 15:56:09.691] [jointLog] [info] Starting optimizer
[2020-04-07 15:56:09.704] [jointLog] [info] Marked 0 weighted equivalence classes as degenerate
[2020-04-07 15:56:09.706] [jointLog] [info] iteration = 0 | max rel diff. = 26301
[2020-04-07 15:56:09.864] [jointLog] [info] iteration = 100 | max rel diff. = 20.1687
[2020-04-07 15:56:10.025] [jointLog] [info] iteration = 200 | max rel diff. = 16.0426
[2020-04-07 15:56:09.686] [fileLog] [info] 
At end of round 0
==================
Observed 18248828 total fragments (18248828 in most recent round)

[2020-04-07 15:56:10.189] [jointLog] [info] iteration = 300 | max rel diff. = 2.7475
[2020-04-07 15:56:10.356] [jointLog] [info] iteration = 400 | max rel diff. = 20.3911
[2020-04-07 15:56:10.523] [jointLog] [info] iteration = 500 | max rel diff. = 2.06081
[2020-04-07 15:56:10.690] [jointLog] [info] iteration = 600 | max rel diff. = 0.744952
[2020-04-07 15:56:10.857] [jointLog] [info] iteration = 700 | max rel diff. = 3.05987
[2020-04-07 15:56:11.025] [jointLog] [info] iteration = 800 | max rel diff. = 1.61811
[2020-04-07 15:56:11.195] [jointLog] [info] iteration = 900 | max rel diff. = 5.14567
[2020-04-07 15:56:11.363] [jointLog] [info] iteration = 1,000 | max rel diff. = 0.0737669
[2020-04-07 15:56:11.533] [jointLog] [info] iteration = 1,100 | max rel diff. = 0.0661276
[2020-04-07 15:56:11.632] [jointLog] [info] iteration = 1,160 | max rel diff. = 0.0082099
[2020-04-07 15:56:11.633] [jointLog] [info] Finished optimizer
[2020-04-07 15:56:11.633] [jointLog] [info] writing output 

