[2020-04-07 15:46:54.709] [jointLog] [info] Fragment incompatibility prior below threshold.  Incompatible fragments will be ignored.
[2020-04-07 15:46:54.709] [jointLog] [info] Usage of --validateMappings implies use of minScoreFraction. Since not explicitly specified, it is being set to 0.65
[2020-04-07 15:46:54.709] [jointLog] [info] Usage of --validateMappings implies a default consensus slack of 0.2. Setting consensusSlack to 0.35.
[2020-04-07 15:46:54.709] [jointLog] [info] parsing read library format
[2020-04-07 15:46:54.709] [jointLog] [info] There is 1 library.
[2020-04-07 15:46:54.906] [jointLog] [info] Loading pufferfish index
[2020-04-07 15:46:54.906] [jointLog] [info] Loading dense pufferfish index.
[2020-04-07 15:46:55.761] [jointLog] [info] done
[2020-04-07 15:46:55.761] [jointLog] [info] Index contained 31,940 targets
[2020-04-07 15:46:55.775] [jointLog] [info] Number of decoys : 1,870
[2020-04-07 15:46:55.775] [jointLog] [info] First decoy index : 30,069 
[2020-04-07 15:46:56.007] [jointLog] [info] Automatically detected most likely library type as U
[2020-04-07 15:47:15.067] [jointLog] [info] Computed 41,731 rich equivalence classes for further processing
[2020-04-07 15:47:15.067] [jointLog] [info] Counted 10,584,021 total reads in the equivalence classes 
[2020-04-07 15:47:15.074] [jointLog] [info] Number of mappings discarded because of alignment score : 712,331
[2020-04-07 15:47:15.074] [jointLog] [info] Number of fragments entirely discarded because of alignment score : 86,628
[2020-04-07 15:47:15.074] [jointLog] [info] Number of fragments discarded because they are best-mapped to decoys : 35,859
[2020-04-07 15:47:15.074] [jointLog] [info] Number of fragments discarded because they have only dovetail (discordant) mappings to valid targets : 0
[2020-04-07 15:47:15.074] [jointLog] [info] Mapping rate = 64.6351%

[2020-04-07 15:47:15.074] [jointLog] [info] finished quantifyLibrary()
[2020-04-07 15:47:15.074] [jointLog] [info] Starting optimizer
[2020-04-07 15:47:15.089] [jointLog] [info] Marked 0 weighted equivalence classes as degenerate
[2020-04-07 15:47:15.092] [jointLog] [info] iteration = 0 | max rel diff. = 27601.2
[2020-04-07 15:47:15.277] [jointLog] [info] iteration = 100 | max rel diff. = 18.2322
[2020-04-07 15:47:15.068] [fileLog] [info] 
At end of round 0
==================
Observed 16375034 total fragments (16375034 in most recent round)

[2020-04-07 15:47:15.464] [jointLog] [info] iteration = 200 | max rel diff. = 17.8804
[2020-04-07 15:47:15.651] [jointLog] [info] iteration = 300 | max rel diff. = 8.01136
[2020-04-07 15:47:15.839] [jointLog] [info] iteration = 400 | max rel diff. = 15.8876
[2020-04-07 15:47:16.026] [jointLog] [info] iteration = 500 | max rel diff. = 2.42182
[2020-04-07 15:47:16.212] [jointLog] [info] iteration = 600 | max rel diff. = 3.87624
[2020-04-07 15:47:16.399] [jointLog] [info] iteration = 700 | max rel diff. = 0.377073
[2020-04-07 15:47:16.586] [jointLog] [info] iteration = 800 | max rel diff. = 0.291341
[2020-04-07 15:47:16.773] [jointLog] [info] iteration = 900 | max rel diff. = 0.198913
[2020-04-07 15:47:16.960] [jointLog] [info] iteration = 1,000 | max rel diff. = 0.30497
[2020-04-07 15:47:17.146] [jointLog] [info] iteration = 1,100 | max rel diff. = 0.243412
[2020-04-07 15:47:17.333] [jointLog] [info] iteration = 1,200 | max rel diff. = 0.110851
[2020-04-07 15:47:17.519] [jointLog] [info] iteration = 1,300 | max rel diff. = 0.565592
[2020-04-07 15:47:17.705] [jointLog] [info] iteration = 1,400 | max rel diff. = 0.0560082
[2020-04-07 15:47:17.892] [jointLog] [info] iteration = 1,500 | max rel diff. = 0.885161
[2020-04-07 15:47:18.078] [jointLog] [info] iteration = 1,600 | max rel diff. = 1.21899
[2020-04-07 15:47:18.262] [jointLog] [info] iteration = 1,700 | max rel diff. = 2.54657
[2020-04-07 15:47:18.303] [jointLog] [info] iteration = 1,723 | max rel diff. = 0.00994138
[2020-04-07 15:47:18.304] [jointLog] [info] Finished optimizer
[2020-04-07 15:47:18.304] [jointLog] [info] writing output 

