[2020-04-07 14:35:05.848] [jointLog] [info] Fragment incompatibility prior below threshold.  Incompatible fragments will be ignored.
[2020-04-07 14:35:05.848] [jointLog] [info] Usage of --validateMappings implies use of minScoreFraction. Since not explicitly specified, it is being set to 0.65
[2020-04-07 14:35:05.848] [jointLog] [info] Usage of --validateMappings implies a default consensus slack of 0.2. Setting consensusSlack to 0.35.
[2020-04-07 14:35:05.848] [jointLog] [info] parsing read library format
[2020-04-07 14:35:05.848] [jointLog] [info] There is 1 library.
[2020-04-07 14:35:06.020] [jointLog] [info] Loading pufferfish index
[2020-04-07 14:35:06.020] [jointLog] [info] Loading dense pufferfish index.
[2020-04-07 14:35:07.003] [jointLog] [info] done
[2020-04-07 14:35:07.003] [jointLog] [info] Index contained 31,940 targets
[2020-04-07 14:35:07.020] [jointLog] [info] Number of decoys : 1,870
[2020-04-07 14:35:07.020] [jointLog] [info] First decoy index : 30,069 
[2020-04-07 14:35:07.235] [jointLog] [info] Automatically detected most likely library type as U
[2020-04-07 14:35:40.211] [jointLog] [info] Computed 56,330 rich equivalence classes for further processing
[2020-04-07 14:35:40.211] [jointLog] [info] Counted 18,735,940 total reads in the equivalence classes 
[2020-04-07 14:35:40.218] [jointLog] [info] Number of mappings discarded because of alignment score : 1,366,219
[2020-04-07 14:35:40.218] [jointLog] [info] Number of fragments entirely discarded because of alignment score : 124,995
[2020-04-07 14:35:40.218] [jointLog] [info] Number of fragments discarded because they are best-mapped to decoys : 42,344
[2020-04-07 14:35:40.218] [jointLog] [info] Number of fragments discarded because they have only dovetail (discordant) mappings to valid targets : 0
[2020-04-07 14:35:40.218] [jointLog] [info] Mapping rate = 79.4004%

[2020-04-07 14:35:40.218] [jointLog] [info] finished quantifyLibrary()
[2020-04-07 14:35:40.218] [jointLog] [info] Starting optimizer
[2020-04-07 14:35:40.234] [jointLog] [info] Marked 0 weighted equivalence classes as degenerate
[2020-04-07 14:35:40.237] [jointLog] [info] iteration = 0 | max rel diff. = 29262.1
[2020-04-07 14:35:40.453] [jointLog] [info] iteration = 100 | max rel diff. = 20.1492
[2020-04-07 14:35:40.212] [fileLog] [info] 
At end of round 0
==================
Observed 23596785 total fragments (23596785 in most recent round)

[2020-04-07 14:35:40.671] [jointLog] [info] iteration = 200 | max rel diff. = 12.726
[2020-04-07 14:35:40.887] [jointLog] [info] iteration = 300 | max rel diff. = 1.43924
[2020-04-07 14:35:41.104] [jointLog] [info] iteration = 400 | max rel diff. = 2.42713
[2020-04-07 14:35:41.320] [jointLog] [info] iteration = 500 | max rel diff. = 13.052
[2020-04-07 14:35:41.538] [jointLog] [info] iteration = 600 | max rel diff. = 2.85866
[2020-04-07 14:35:41.755] [jointLog] [info] iteration = 700 | max rel diff. = 8.84355
[2020-04-07 14:35:41.973] [jointLog] [info] iteration = 800 | max rel diff. = 0.161091
[2020-04-07 14:35:42.190] [jointLog] [info] iteration = 900 | max rel diff. = 1.70784
[2020-04-07 14:35:42.410] [jointLog] [info] iteration = 1,000 | max rel diff. = 0.125962
[2020-04-07 14:35:42.626] [jointLog] [info] iteration = 1,100 | max rel diff. = 0.0712317
[2020-04-07 14:35:42.844] [jointLog] [info] iteration = 1,200 | max rel diff. = 1.32916
[2020-04-07 14:35:43.060] [jointLog] [info] iteration = 1,300 | max rel diff. = 1.67436
[2020-04-07 14:35:43.276] [jointLog] [info] iteration = 1,400 | max rel diff. = 0.038798
[2020-04-07 14:35:43.494] [jointLog] [info] iteration = 1,500 | max rel diff. = 0.0649061
[2020-04-07 14:35:43.657] [jointLog] [info] iteration = 1,576 | max rel diff. = 0.00991944
[2020-04-07 14:35:43.658] [jointLog] [info] Finished optimizer
[2020-04-07 14:35:43.658] [jointLog] [info] writing output 

