[2020-04-07 16:22:29.240] [jointLog] [info] Fragment incompatibility prior below threshold.  Incompatible fragments will be ignored.
[2020-04-07 16:22:29.240] [jointLog] [info] Usage of --validateMappings implies use of minScoreFraction. Since not explicitly specified, it is being set to 0.65
[2020-04-07 16:22:29.240] [jointLog] [info] Usage of --validateMappings implies a default consensus slack of 0.2. Setting consensusSlack to 0.35.
[2020-04-07 16:22:29.240] [jointLog] [info] parsing read library format
[2020-04-07 16:22:29.240] [jointLog] [info] There is 1 library.
[2020-04-07 16:22:29.462] [jointLog] [info] Loading pufferfish index
[2020-04-07 16:22:29.462] [jointLog] [info] Loading dense pufferfish index.
[2020-04-07 16:22:30.577] [jointLog] [info] done
[2020-04-07 16:22:30.577] [jointLog] [info] Index contained 31,940 targets
[2020-04-07 16:22:30.595] [jointLog] [info] Number of decoys : 1,870
[2020-04-07 16:22:30.595] [jointLog] [info] First decoy index : 30,069 
[2020-04-07 16:22:30.873] [jointLog] [info] Automatically detected most likely library type as U
[2020-04-07 16:22:54.836] [fileLog] [info] 
At end of round 0
==================
Observed 17123879 total fragments (17123879 in most recent round)

[2020-04-07 16:22:54.835] [jointLog] [info] Computed 50,254 rich equivalence classes for further processing
[2020-04-07 16:22:54.835] [jointLog] [info] Counted 14,883,085 total reads in the equivalence classes 
[2020-04-07 16:22:54.841] [jointLog] [info] Number of mappings discarded because of alignment score : 1,068,999
[2020-04-07 16:22:54.841] [jointLog] [info] Number of fragments entirely discarded because of alignment score : 114,757
[2020-04-07 16:22:54.841] [jointLog] [info] Number of fragments discarded because they are best-mapped to decoys : 49,626
[2020-04-07 16:22:54.841] [jointLog] [info] Number of fragments discarded because they have only dovetail (discordant) mappings to valid targets : 0
[2020-04-07 16:22:54.841] [jointLog] [info] Mapping rate = 86.9142%

[2020-04-07 16:22:54.841] [jointLog] [info] finished quantifyLibrary()
[2020-04-07 16:22:54.842] [jointLog] [info] Starting optimizer
[2020-04-07 16:22:54.896] [jointLog] [info] Marked 0 weighted equivalence classes as degenerate
[2020-04-07 16:22:54.898] [jointLog] [info] iteration = 0 | max rel diff. = 28478.6
[2020-04-07 16:22:55.104] [jointLog] [info] iteration = 100 | max rel diff. = 18.7616
[2020-04-07 16:22:55.304] [jointLog] [info] iteration = 200 | max rel diff. = 19.1953
[2020-04-07 16:22:55.509] [jointLog] [info] iteration = 300 | max rel diff. = 2.86049
[2020-04-07 16:22:55.711] [jointLog] [info] iteration = 400 | max rel diff. = 0.804397
[2020-04-07 16:22:55.916] [jointLog] [info] iteration = 500 | max rel diff. = 0.664576
[2020-04-07 16:22:56.122] [jointLog] [info] iteration = 600 | max rel diff. = 0.86687
[2020-04-07 16:22:56.324] [jointLog] [info] iteration = 700 | max rel diff. = 4.72802
[2020-04-07 16:22:56.527] [jointLog] [info] iteration = 800 | max rel diff. = 0.135973
[2020-04-07 16:22:56.729] [jointLog] [info] iteration = 900 | max rel diff. = 0.397987
[2020-04-07 16:22:56.932] [jointLog] [info] iteration = 1,000 | max rel diff. = 0.0316336
[2020-04-07 16:22:57.131] [jointLog] [info] iteration = 1,100 | max rel diff. = 0.035408
[2020-04-07 16:22:57.331] [jointLog] [info] iteration = 1,200 | max rel diff. = 0.0138001
[2020-04-07 16:22:57.535] [jointLog] [info] iteration = 1,300 | max rel diff. = 0.030115
[2020-04-07 16:22:57.737] [jointLog] [info] iteration = 1,400 | max rel diff. = 0.092236
[2020-04-07 16:22:57.938] [jointLog] [info] iteration = 1,500 | max rel diff. = 0.238157
[2020-04-07 16:22:58.139] [jointLog] [info] iteration = 1,600 | max rel diff. = 3.10852
[2020-04-07 16:22:58.143] [jointLog] [info] iteration = 1,603 | max rel diff. = 0.00979921
[2020-04-07 16:22:58.144] [jointLog] [info] Finished optimizer
[2020-04-07 16:22:58.144] [jointLog] [info] writing output 

