[2020-04-07 15:29:09.111] [jointLog] [info] Fragment incompatibility prior below threshold.  Incompatible fragments will be ignored.
[2020-04-07 15:29:09.111] [jointLog] [info] Usage of --validateMappings implies use of minScoreFraction. Since not explicitly specified, it is being set to 0.65
[2020-04-07 15:29:09.111] [jointLog] [info] Usage of --validateMappings implies a default consensus slack of 0.2. Setting consensusSlack to 0.35.
[2020-04-07 15:29:09.111] [jointLog] [info] parsing read library format
[2020-04-07 15:29:09.111] [jointLog] [info] There is 1 library.
[2020-04-07 15:29:09.313] [jointLog] [info] Loading pufferfish index
[2020-04-07 15:29:09.313] [jointLog] [info] Loading dense pufferfish index.
[2020-04-07 15:29:10.186] [jointLog] [info] done
[2020-04-07 15:29:10.186] [jointLog] [info] Index contained 31,940 targets
[2020-04-07 15:29:10.199] [jointLog] [info] Number of decoys : 1,870
[2020-04-07 15:29:10.199] [jointLog] [info] First decoy index : 30,069 
[2020-04-07 15:29:10.407] [jointLog] [info] Automatically detected most likely library type as U
[2020-04-07 15:29:31.001] [jointLog] [info] Computed 43,264 rich equivalence classes for further processing
[2020-04-07 15:29:31.001] [jointLog] [info] Counted 12,612,198 total reads in the equivalence classes 
[2020-04-07 15:29:31.007] [jointLog] [info] Number of mappings discarded because of alignment score : 787,258
[2020-04-07 15:29:31.007] [jointLog] [info] Number of fragments entirely discarded because of alignment score : 93,374
[2020-04-07 15:29:31.007] [jointLog] [info] Number of fragments discarded because they are best-mapped to decoys : 45,051
[2020-04-07 15:29:31.007] [jointLog] [info] Number of fragments discarded because they have only dovetail (discordant) mappings to valid targets : 0
[2020-04-07 15:29:31.007] [jointLog] [info] Mapping rate = 72.8818%

[2020-04-07 15:29:31.007] [jointLog] [info] finished quantifyLibrary()
[2020-04-07 15:29:31.007] [jointLog] [info] Starting optimizer
[2020-04-07 15:29:31.020] [jointLog] [info] Marked 0 weighted equivalence classes as degenerate
[2020-04-07 15:29:31.022] [jointLog] [info] iteration = 0 | max rel diff. = 24041.9
[2020-04-07 15:29:31.188] [jointLog] [info] iteration = 100 | max rel diff. = 8.41169
[2020-04-07 15:29:31.001] [fileLog] [info] 
At end of round 0
==================
Observed 17305001 total fragments (17305001 in most recent round)

[2020-04-07 15:29:31.361] [jointLog] [info] iteration = 200 | max rel diff. = 8.40538
[2020-04-07 15:29:31.537] [jointLog] [info] iteration = 300 | max rel diff. = 6.61728
[2020-04-07 15:29:31.711] [jointLog] [info] iteration = 400 | max rel diff. = 0.408541
[2020-04-07 15:29:31.888] [jointLog] [info] iteration = 500 | max rel diff. = 0.619468
[2020-04-07 15:29:32.066] [jointLog] [info] iteration = 600 | max rel diff. = 0.143955
[2020-04-07 15:29:32.243] [jointLog] [info] iteration = 700 | max rel diff. = 2.73355
[2020-04-07 15:29:32.420] [jointLog] [info] iteration = 800 | max rel diff. = 0.118857
[2020-04-07 15:29:32.596] [jointLog] [info] iteration = 900 | max rel diff. = 0.044442
[2020-04-07 15:29:32.772] [jointLog] [info] iteration = 1,000 | max rel diff. = 0.0540709
[2020-04-07 15:29:32.950] [jointLog] [info] iteration = 1,100 | max rel diff. = 0.140642
[2020-04-07 15:29:33.128] [jointLog] [info] iteration = 1,200 | max rel diff. = 0.197254
[2020-04-07 15:29:33.139] [jointLog] [info] iteration = 1,207 | max rel diff. = 0.00921213
[2020-04-07 15:29:33.139] [jointLog] [info] Finished optimizer
[2020-04-07 15:29:33.139] [jointLog] [info] writing output 

