[2020-04-07 14:26:04.662] [jointLog] [info] Fragment incompatibility prior below threshold.  Incompatible fragments will be ignored.
[2020-04-07 14:26:04.662] [jointLog] [info] Usage of --validateMappings implies use of minScoreFraction. Since not explicitly specified, it is being set to 0.65
[2020-04-07 14:26:04.662] [jointLog] [info] Usage of --validateMappings implies a default consensus slack of 0.2. Setting consensusSlack to 0.35.
[2020-04-07 14:26:04.662] [jointLog] [info] parsing read library format
[2020-04-07 14:26:04.662] [jointLog] [info] There is 1 library.
[2020-04-07 14:26:04.836] [jointLog] [info] Loading pufferfish index
[2020-04-07 14:26:04.836] [jointLog] [info] Loading dense pufferfish index.
[2020-04-07 14:26:05.845] [jointLog] [info] done
[2020-04-07 14:26:05.845] [jointLog] [info] Index contained 31,940 targets
[2020-04-07 14:26:05.861] [jointLog] [info] Number of decoys : 1,870
[2020-04-07 14:26:05.861] [jointLog] [info] First decoy index : 30,069 
[2020-04-07 14:26:06.083] [jointLog] [info] Automatically detected most likely library type as U
[2020-04-07 14:26:32.499] [jointLog] [info] Computed 50,814 rich equivalence classes for further processing
[2020-04-07 14:26:32.499] [jointLog] [info] Counted 17,159,138 total reads in the equivalence classes 
[2020-04-07 14:26:32.505] [jointLog] [info] Number of mappings discarded because of alignment score : 1,158,203
[2020-04-07 14:26:32.505] [jointLog] [info] Number of fragments entirely discarded because of alignment score : 123,576
[2020-04-07 14:26:32.505] [jointLog] [info] Number of fragments discarded because they are best-mapped to decoys : 43,614
[2020-04-07 14:26:32.505] [jointLog] [info] Number of fragments discarded because they have only dovetail (discordant) mappings to valid targets : 0
[2020-04-07 14:26:32.505] [jointLog] [info] Mapping rate = 87.8281%

[2020-04-07 14:26:32.505] [jointLog] [info] finished quantifyLibrary()
[2020-04-07 14:26:32.505] [jointLog] [info] Starting optimizer
[2020-04-07 14:26:32.518] [jointLog] [info] Marked 0 weighted equivalence classes as degenerate
[2020-04-07 14:26:32.520] [jointLog] [info] iteration = 0 | max rel diff. = 22722.2
[2020-04-07 14:26:32.705] [jointLog] [info] iteration = 100 | max rel diff. = 13.5951
[2020-04-07 14:26:32.499] [fileLog] [info] 
At end of round 0
==================
Observed 19537193 total fragments (19537193 in most recent round)

[2020-04-07 14:26:32.899] [jointLog] [info] iteration = 200 | max rel diff. = 15.7302
[2020-04-07 14:26:33.099] [jointLog] [info] iteration = 300 | max rel diff. = 13.3901
[2020-04-07 14:26:33.299] [jointLog] [info] iteration = 400 | max rel diff. = 1.10979
[2020-04-07 14:26:33.501] [jointLog] [info] iteration = 500 | max rel diff. = 1.92377
[2020-04-07 14:26:33.704] [jointLog] [info] iteration = 600 | max rel diff. = 1.15254
[2020-04-07 14:26:33.905] [jointLog] [info] iteration = 700 | max rel diff. = 0.154564
[2020-04-07 14:26:34.105] [jointLog] [info] iteration = 800 | max rel diff. = 0.763136
[2020-04-07 14:26:34.305] [jointLog] [info] iteration = 900 | max rel diff. = 0.481001
[2020-04-07 14:26:34.507] [jointLog] [info] iteration = 1,000 | max rel diff. = 0.0925704
[2020-04-07 14:26:34.709] [jointLog] [info] iteration = 1,100 | max rel diff. = 0.341032
[2020-04-07 14:26:34.912] [jointLog] [info] iteration = 1,200 | max rel diff. = 0.0186523
[2020-04-07 14:26:35.113] [jointLog] [info] iteration = 1,300 | max rel diff. = 5.54112
[2020-04-07 14:26:35.313] [jointLog] [info] iteration = 1,400 | max rel diff. = 0.0867314
[2020-04-07 14:26:35.516] [jointLog] [info] iteration = 1,500 | max rel diff. = 0.501634
[2020-04-07 14:26:35.719] [jointLog] [info] iteration = 1,600 | max rel diff. = 0.226385
[2020-04-07 14:26:35.923] [jointLog] [info] iteration = 1,700 | max rel diff. = 0.05489
[2020-04-07 14:26:36.001] [jointLog] [info] iteration = 1,740 | max rel diff. = 0.0092299
[2020-04-07 14:26:36.002] [jointLog] [info] Finished optimizer
[2020-04-07 14:26:36.002] [jointLog] [info] writing output 

