[2020-04-07 13:41:01.689] [jointLog] [info] Fragment incompatibility prior below threshold.  Incompatible fragments will be ignored.
[2020-04-07 13:41:01.689] [jointLog] [info] Usage of --validateMappings implies use of minScoreFraction. Since not explicitly specified, it is being set to 0.65
[2020-04-07 13:41:01.689] [jointLog] [info] Usage of --validateMappings implies a default consensus slack of 0.2. Setting consensusSlack to 0.35.
[2020-04-07 13:41:01.689] [jointLog] [info] parsing read library format
[2020-04-07 13:41:01.689] [jointLog] [info] There is 1 library.
[2020-04-07 13:41:01.831] [jointLog] [info] Loading pufferfish index
[2020-04-07 13:41:01.831] [jointLog] [info] Loading dense pufferfish index.
[2020-04-07 13:41:02.517] [jointLog] [info] done
[2020-04-07 13:41:02.517] [jointLog] [info] Index contained 31,940 targets
[2020-04-07 13:41:02.529] [jointLog] [info] Number of decoys : 1,870
[2020-04-07 13:41:02.529] [jointLog] [info] First decoy index : 30,069 
[2020-04-07 13:41:02.724] [jointLog] [info] Automatically detected most likely library type as U
[2020-04-07 13:41:25.733] [fileLog] [info] 
At end of round 0
==================
Observed 19867255 total fragments (19867255 in most recent round)

[2020-04-07 13:41:25.732] [jointLog] [info] Computed 42,420 rich equivalence classes for further processing
[2020-04-07 13:41:25.732] [jointLog] [info] Counted 15,214,989 total reads in the equivalence classes 
[2020-04-07 13:41:25.738] [jointLog] [info] Number of mappings discarded because of alignment score : 976,139
[2020-04-07 13:41:25.738] [jointLog] [info] Number of fragments entirely discarded because of alignment score : 120,634
[2020-04-07 13:41:25.738] [jointLog] [info] Number of fragments discarded because they are best-mapped to decoys : 42,379
[2020-04-07 13:41:25.738] [jointLog] [info] Number of fragments discarded because they have only dovetail (discordant) mappings to valid targets : 0
[2020-04-07 13:41:25.738] [jointLog] [info] Mapping rate = 76.5832%

[2020-04-07 13:41:25.738] [jointLog] [info] finished quantifyLibrary()
[2020-04-07 13:41:25.738] [jointLog] [info] Starting optimizer
[2020-04-07 13:41:25.751] [jointLog] [info] Marked 0 weighted equivalence classes as degenerate
[2020-04-07 13:41:25.753] [jointLog] [info] iteration = 0 | max rel diff. = 34794.5
[2020-04-07 13:41:25.930] [jointLog] [info] iteration = 100 | max rel diff. = 20.117
[2020-04-07 13:41:26.108] [jointLog] [info] iteration = 200 | max rel diff. = 5.32299
[2020-04-07 13:41:26.285] [jointLog] [info] iteration = 300 | max rel diff. = 15.6559
[2020-04-07 13:41:26.463] [jointLog] [info] iteration = 400 | max rel diff. = 0.591932
[2020-04-07 13:41:26.639] [jointLog] [info] iteration = 500 | max rel diff. = 1.09633
[2020-04-07 13:41:26.816] [jointLog] [info] iteration = 600 | max rel diff. = 0.319382
[2020-04-07 13:41:26.994] [jointLog] [info] iteration = 700 | max rel diff. = 0.0717534
[2020-04-07 13:41:27.170] [jointLog] [info] iteration = 800 | max rel diff. = 0.345415
[2020-04-07 13:41:27.348] [jointLog] [info] iteration = 900 | max rel diff. = 0.49896
[2020-04-07 13:41:27.527] [jointLog] [info] iteration = 1,000 | max rel diff. = 0.246834
[2020-04-07 13:41:27.707] [jointLog] [info] iteration = 1,100 | max rel diff. = 0.740877
[2020-04-07 13:41:27.885] [jointLog] [info] iteration = 1,200 | max rel diff. = 0.16089
[2020-04-07 13:41:28.064] [jointLog] [info] iteration = 1,300 | max rel diff. = 0.0215757
[2020-04-07 13:41:28.243] [jointLog] [info] iteration = 1,400 | max rel diff. = 0.0221417
[2020-04-07 13:41:28.322] [jointLog] [info] iteration = 1,445 | max rel diff. = 0.00322212
[2020-04-07 13:41:28.323] [jointLog] [info] Finished optimizer
[2020-04-07 13:41:28.323] [jointLog] [info] writing output 

