[2020-04-07 12:02:31.799] [jointLog] [info] Fragment incompatibility prior below threshold.  Incompatible fragments will be ignored.
[2020-04-07 12:02:31.799] [jointLog] [info] Usage of --validateMappings implies use of minScoreFraction. Since not explicitly specified, it is being set to 0.65
[2020-04-07 12:02:31.799] [jointLog] [info] Usage of --validateMappings implies a default consensus slack of 0.2. Setting consensusSlack to 0.35.
[2020-04-07 12:02:31.799] [jointLog] [info] parsing read library format
[2020-04-07 12:02:31.799] [jointLog] [info] There is 1 library.
[2020-04-07 12:02:31.948] [jointLog] [info] Loading pufferfish index
[2020-04-07 12:02:31.948] [jointLog] [info] Loading dense pufferfish index.
[2020-04-07 12:02:32.791] [jointLog] [info] done
[2020-04-07 12:02:32.791] [jointLog] [info] Index contained 31,940 targets
[2020-04-07 12:02:32.806] [jointLog] [info] Number of decoys : 1,870
[2020-04-07 12:02:32.806] [jointLog] [info] First decoy index : 30,069 
[2020-04-07 12:02:33.014] [jointLog] [info] Automatically detected most likely library type as U
[2020-04-07 12:02:57.392] [fileLog] [info] 
At end of round 0
==================
Observed 20965444 total fragments (20965444 in most recent round)

[2020-04-07 12:02:57.391] [jointLog] [info] Computed 48,459 rich equivalence classes for further processing
[2020-04-07 12:02:57.391] [jointLog] [info] Counted 15,526,257 total reads in the equivalence classes 
[2020-04-07 12:02:57.398] [jointLog] [info] Number of mappings discarded because of alignment score : 1,045,100
[2020-04-07 12:02:57.398] [jointLog] [info] Number of fragments entirely discarded because of alignment score : 124,861
[2020-04-07 12:02:57.398] [jointLog] [info] Number of fragments discarded because they are best-mapped to decoys : 50,120
[2020-04-07 12:02:57.398] [jointLog] [info] Number of fragments discarded because they have only dovetail (discordant) mappings to valid targets : 0
[2020-04-07 12:02:57.398] [jointLog] [info] Mapping rate = 74.0564%

[2020-04-07 12:02:57.398] [jointLog] [info] finished quantifyLibrary()
[2020-04-07 12:02:57.398] [jointLog] [info] Starting optimizer
[2020-04-07 12:02:57.414] [jointLog] [info] Marked 0 weighted equivalence classes as degenerate
[2020-04-07 12:02:57.416] [jointLog] [info] iteration = 0 | max rel diff. = 23771.9
[2020-04-07 12:02:57.613] [jointLog] [info] iteration = 100 | max rel diff. = 16.3503
[2020-04-07 12:02:57.813] [jointLog] [info] iteration = 200 | max rel diff. = 6.52116
[2020-04-07 12:02:58.013] [jointLog] [info] iteration = 300 | max rel diff. = 0.905701
[2020-04-07 12:02:58.211] [jointLog] [info] iteration = 400 | max rel diff. = 4.29642
[2020-04-07 12:02:58.411] [jointLog] [info] iteration = 500 | max rel diff. = 12.3699
[2020-04-07 12:02:58.611] [jointLog] [info] iteration = 600 | max rel diff. = 3.4428
[2020-04-07 12:02:58.811] [jointLog] [info] iteration = 700 | max rel diff. = 0.240295
[2020-04-07 12:02:59.011] [jointLog] [info] iteration = 800 | max rel diff. = 0.278958
[2020-04-07 12:02:59.209] [jointLog] [info] iteration = 900 | max rel diff. = 1.47973
[2020-04-07 12:02:59.409] [jointLog] [info] iteration = 1,000 | max rel diff. = 0.244107
[2020-04-07 12:02:59.610] [jointLog] [info] iteration = 1,100 | max rel diff. = 0.293774
[2020-04-07 12:02:59.810] [jointLog] [info] iteration = 1,200 | max rel diff. = 0.128385
[2020-04-07 12:03:00.010] [jointLog] [info] iteration = 1,300 | max rel diff. = 0.0993855
[2020-04-07 12:03:00.210] [jointLog] [info] iteration = 1,400 | max rel diff. = 0.297238
[2020-04-07 12:03:00.262] [jointLog] [info] iteration = 1,427 | max rel diff. = 0.00617795
[2020-04-07 12:03:00.263] [jointLog] [info] Finished optimizer
[2020-04-07 12:03:00.263] [jointLog] [info] writing output 

