[2020-04-07 13:14:13.497] [jointLog] [info] Fragment incompatibility prior below threshold.  Incompatible fragments will be ignored.
[2020-04-07 13:14:13.497] [jointLog] [info] Usage of --validateMappings implies use of minScoreFraction. Since not explicitly specified, it is being set to 0.65
[2020-04-07 13:14:13.497] [jointLog] [info] Usage of --validateMappings implies a default consensus slack of 0.2. Setting consensusSlack to 0.35.
[2020-04-07 13:14:13.497] [jointLog] [info] parsing read library format
[2020-04-07 13:14:13.497] [jointLog] [info] There is 1 library.
[2020-04-07 13:14:13.655] [jointLog] [info] Loading pufferfish index
[2020-04-07 13:14:13.655] [jointLog] [info] Loading dense pufferfish index.
[2020-04-07 13:14:14.478] [jointLog] [info] done
[2020-04-07 13:14:14.478] [jointLog] [info] Index contained 31,940 targets
[2020-04-07 13:14:14.492] [jointLog] [info] Number of decoys : 1,870
[2020-04-07 13:14:14.492] [jointLog] [info] First decoy index : 30,069 
[2020-04-07 13:14:14.750] [jointLog] [info] Automatically detected most likely library type as U
[2020-04-07 13:14:37.281] [jointLog] [info] Computed 48,248 rich equivalence classes for further processing
[2020-04-07 13:14:37.281] [jointLog] [info] Counted 14,379,238 total reads in the equivalence classes 
[2020-04-07 13:14:37.287] [jointLog] [info] Number of mappings discarded because of alignment score : 977,322
[2020-04-07 13:14:37.287] [jointLog] [info] Number of fragments entirely discarded because of alignment score : 111,517
[2020-04-07 13:14:37.287] [jointLog] [info] Number of fragments discarded because they are best-mapped to decoys : 43,426
[2020-04-07 13:14:37.287] [jointLog] [info] Number of fragments discarded because they have only dovetail (discordant) mappings to valid targets : 0
[2020-04-07 13:14:37.287] [jointLog] [info] Mapping rate = 74.6431%

[2020-04-07 13:14:37.287] [jointLog] [info] finished quantifyLibrary()
[2020-04-07 13:14:37.287] [jointLog] [info] Starting optimizer
[2020-04-07 13:14:37.301] [jointLog] [info] Marked 0 weighted equivalence classes as degenerate
[2020-04-07 13:14:37.303] [jointLog] [info] iteration = 0 | max rel diff. = 29731.6
[2020-04-07 13:14:37.492] [jointLog] [info] iteration = 100 | max rel diff. = 13.0826
[2020-04-07 13:14:37.680] [jointLog] [info] iteration = 200 | max rel diff. = 3.6
[2020-04-07 13:14:37.282] [fileLog] [info] 
At end of round 0
==================
Observed 19263984 total fragments (19263984 in most recent round)

[2020-04-07 13:14:37.867] [jointLog] [info] iteration = 300 | max rel diff. = 6.04983
[2020-04-07 13:14:38.055] [jointLog] [info] iteration = 400 | max rel diff. = 0.386585
[2020-04-07 13:14:38.239] [jointLog] [info] iteration = 500 | max rel diff. = 0.865152
[2020-04-07 13:14:38.424] [jointLog] [info] iteration = 600 | max rel diff. = 0.404069
[2020-04-07 13:14:38.609] [jointLog] [info] iteration = 700 | max rel diff. = 0.427998
[2020-04-07 13:14:38.794] [jointLog] [info] iteration = 800 | max rel diff. = 3.72263
[2020-04-07 13:14:38.980] [jointLog] [info] iteration = 900 | max rel diff. = 0.122354
[2020-04-07 13:14:39.165] [jointLog] [info] iteration = 1,000 | max rel diff. = 0.181548
[2020-04-07 13:14:39.352] [jointLog] [info] iteration = 1,100 | max rel diff. = 0.108739
[2020-04-07 13:14:39.541] [jointLog] [info] iteration = 1,200 | max rel diff. = 0.311252
[2020-04-07 13:14:39.727] [jointLog] [info] iteration = 1,300 | max rel diff. = 0.0611807
[2020-04-07 13:14:39.915] [jointLog] [info] iteration = 1,400 | max rel diff. = 0.224229
[2020-04-07 13:14:40.102] [jointLog] [info] iteration = 1,500 | max rel diff. = 0.0820708
[2020-04-07 13:14:40.288] [jointLog] [info] iteration = 1,600 | max rel diff. = 0.661836
[2020-04-07 13:14:40.472] [jointLog] [info] iteration = 1,700 | max rel diff. = 0.0301845
[2020-04-07 13:14:40.635] [jointLog] [info] iteration = 1,789 | max rel diff. = 0.00850675
[2020-04-07 13:14:40.636] [jointLog] [info] Finished optimizer
[2020-04-07 13:14:40.636] [jointLog] [info] writing output 

