[2020-04-07 15:20:12.406] [jointLog] [info] Fragment incompatibility prior below threshold.  Incompatible fragments will be ignored.
[2020-04-07 15:20:12.406] [jointLog] [info] Usage of --validateMappings implies use of minScoreFraction. Since not explicitly specified, it is being set to 0.65
[2020-04-07 15:20:12.406] [jointLog] [info] Usage of --validateMappings implies a default consensus slack of 0.2. Setting consensusSlack to 0.35.
[2020-04-07 15:20:12.406] [jointLog] [info] parsing read library format
[2020-04-07 15:20:12.406] [jointLog] [info] There is 1 library.
[2020-04-07 15:20:12.568] [jointLog] [info] Loading pufferfish index
[2020-04-07 15:20:12.568] [jointLog] [info] Loading dense pufferfish index.
[2020-04-07 15:20:13.535] [jointLog] [info] done
[2020-04-07 15:20:13.535] [jointLog] [info] Index contained 31,940 targets
[2020-04-07 15:20:13.552] [jointLog] [info] Number of decoys : 1,870
[2020-04-07 15:20:13.552] [jointLog] [info] First decoy index : 30,069 
[2020-04-07 15:20:13.790] [jointLog] [info] Automatically detected most likely library type as U
[2020-04-07 15:20:36.046] [fileLog] [info] 
At end of round 0
==================
Observed 17475840 total fragments (17475840 in most recent round)

[2020-04-07 15:20:36.045] [jointLog] [info] Computed 43,748 rich equivalence classes for further processing
[2020-04-07 15:20:36.045] [jointLog] [info] Counted 13,841,701 total reads in the equivalence classes 
[2020-04-07 15:20:36.051] [jointLog] [info] Number of mappings discarded because of alignment score : 885,392
[2020-04-07 15:20:36.051] [jointLog] [info] Number of fragments entirely discarded because of alignment score : 108,272
[2020-04-07 15:20:36.051] [jointLog] [info] Number of fragments discarded because they are best-mapped to decoys : 47,292
[2020-04-07 15:20:36.052] [jointLog] [info] Number of fragments discarded because they have only dovetail (discordant) mappings to valid targets : 0
[2020-04-07 15:20:36.052] [jointLog] [info] Mapping rate = 79.2048%

[2020-04-07 15:20:36.052] [jointLog] [info] finished quantifyLibrary()
[2020-04-07 15:20:36.052] [jointLog] [info] Starting optimizer
[2020-04-07 15:20:36.067] [jointLog] [info] Marked 0 weighted equivalence classes as degenerate
[2020-04-07 15:20:36.069] [jointLog] [info] iteration = 0 | max rel diff. = 32854.2
[2020-04-07 15:20:36.257] [jointLog] [info] iteration = 100 | max rel diff. = 10.8293
[2020-04-07 15:20:36.448] [jointLog] [info] iteration = 200 | max rel diff. = 4.2536
[2020-04-07 15:20:36.639] [jointLog] [info] iteration = 300 | max rel diff. = 16.5767
[2020-04-07 15:20:36.830] [jointLog] [info] iteration = 400 | max rel diff. = 0.759611
[2020-04-07 15:20:37.023] [jointLog] [info] iteration = 500 | max rel diff. = 2.1646
[2020-04-07 15:20:37.211] [jointLog] [info] iteration = 600 | max rel diff. = 20.8957
[2020-04-07 15:20:37.399] [jointLog] [info] iteration = 700 | max rel diff. = 1.19007
[2020-04-07 15:20:37.589] [jointLog] [info] iteration = 800 | max rel diff. = 2.21839
[2020-04-07 15:20:37.781] [jointLog] [info] iteration = 900 | max rel diff. = 0.248055
[2020-04-07 15:20:37.973] [jointLog] [info] iteration = 1,000 | max rel diff. = 0.156758
[2020-04-07 15:20:38.161] [jointLog] [info] iteration = 1,100 | max rel diff. = 0.103984
[2020-04-07 15:20:38.349] [jointLog] [info] iteration = 1,200 | max rel diff. = 0.0513326
[2020-04-07 15:20:38.539] [jointLog] [info] iteration = 1,300 | max rel diff. = 0.381156
[2020-04-07 15:20:38.727] [jointLog] [info] iteration = 1,400 | max rel diff. = 0.0398428
[2020-04-07 15:20:38.917] [jointLog] [info] iteration = 1,500 | max rel diff. = 0.0165154
[2020-04-07 15:20:39.107] [jointLog] [info] iteration = 1,600 | max rel diff. = 0.0343384
[2020-04-07 15:20:39.297] [jointLog] [info] iteration = 1,700 | max rel diff. = 0.0190804
[2020-04-07 15:20:39.387] [jointLog] [info] iteration = 1,748 | max rel diff. = 0.00849068
[2020-04-07 15:20:39.388] [jointLog] [info] Finished optimizer
[2020-04-07 15:20:39.388] [jointLog] [info] writing output 

