[2020-04-07 15:38:02.999] [jointLog] [info] Fragment incompatibility prior below threshold.  Incompatible fragments will be ignored.
[2020-04-07 15:38:02.999] [jointLog] [info] Usage of --validateMappings implies use of minScoreFraction. Since not explicitly specified, it is being set to 0.65
[2020-04-07 15:38:02.999] [jointLog] [info] Usage of --validateMappings implies a default consensus slack of 0.2. Setting consensusSlack to 0.35.
[2020-04-07 15:38:02.999] [jointLog] [info] parsing read library format
[2020-04-07 15:38:02.999] [jointLog] [info] There is 1 library.
[2020-04-07 15:38:03.465] [jointLog] [info] Loading pufferfish index
[2020-04-07 15:38:03.465] [jointLog] [info] Loading dense pufferfish index.
[2020-04-07 15:38:04.548] [jointLog] [info] done
[2020-04-07 15:38:04.548] [jointLog] [info] Index contained 31,940 targets
[2020-04-07 15:38:04.565] [jointLog] [info] Number of decoys : 1,870
[2020-04-07 15:38:04.565] [jointLog] [info] First decoy index : 30,069 
[2020-04-07 15:38:04.824] [jointLog] [info] Automatically detected most likely library type as U
[2020-04-07 15:38:22.517] [jointLog] [info] Computed 40,792 rich equivalence classes for further processing
[2020-04-07 15:38:22.517] [jointLog] [info] Counted 9,363,986 total reads in the equivalence classes 
[2020-04-07 15:38:22.523] [jointLog] [info] Number of mappings discarded because of alignment score : 602,620
[2020-04-07 15:38:22.523] [jointLog] [info] Number of fragments entirely discarded because of alignment score : 74,108
[2020-04-07 15:38:22.523] [jointLog] [info] Number of fragments discarded because they are best-mapped to decoys : 33,492
[2020-04-07 15:38:22.523] [jointLog] [info] Number of fragments discarded because they have only dovetail (discordant) mappings to valid targets : 0
[2020-04-07 15:38:22.523] [jointLog] [info] Mapping rate = 63.1011%

[2020-04-07 15:38:22.523] [jointLog] [info] finished quantifyLibrary()
[2020-04-07 15:38:22.523] [jointLog] [info] Starting optimizer
[2020-04-07 15:38:22.536] [jointLog] [info] Marked 0 weighted equivalence classes as degenerate
[2020-04-07 15:38:22.538] [jointLog] [info] iteration = 0 | max rel diff. = 19568.5
[2020-04-07 15:38:22.518] [fileLog] [info] 
At end of round 0
==================
Observed 14839656 total fragments (14839656 in most recent round)

[2020-04-07 15:38:22.709] [jointLog] [info] iteration = 100 | max rel diff. = 14.6552
[2020-04-07 15:38:22.885] [jointLog] [info] iteration = 200 | max rel diff. = 2.82365
[2020-04-07 15:38:23.060] [jointLog] [info] iteration = 300 | max rel diff. = 4.65751
[2020-04-07 15:38:23.236] [jointLog] [info] iteration = 400 | max rel diff. = 8.97003
[2020-04-07 15:38:23.413] [jointLog] [info] iteration = 500 | max rel diff. = 1.02483
[2020-04-07 15:38:23.589] [jointLog] [info] iteration = 600 | max rel diff. = 0.39008
[2020-04-07 15:38:23.765] [jointLog] [info] iteration = 700 | max rel diff. = 0.119816
[2020-04-07 15:38:23.936] [jointLog] [info] iteration = 800 | max rel diff. = 0.202147
[2020-04-07 15:38:24.111] [jointLog] [info] iteration = 900 | max rel diff. = 0.480613
[2020-04-07 15:38:24.285] [jointLog] [info] iteration = 1,000 | max rel diff. = 0.199229
[2020-04-07 15:38:24.458] [jointLog] [info] iteration = 1,100 | max rel diff. = 0.0444431
[2020-04-07 15:38:24.629] [jointLog] [info] iteration = 1,200 | max rel diff. = 0.0208394
[2020-04-07 15:38:24.801] [jointLog] [info] iteration = 1,300 | max rel diff. = 0.106914
[2020-04-07 15:38:24.820] [jointLog] [info] iteration = 1,312 | max rel diff. = 0.00904518
[2020-04-07 15:38:24.821] [jointLog] [info] Finished optimizer
[2020-04-07 15:38:24.821] [jointLog] [info] writing output 

