[2020-04-07 12:56:17.143] [jointLog] [info] Fragment incompatibility prior below threshold.  Incompatible fragments will be ignored.
[2020-04-07 12:56:17.143] [jointLog] [info] Usage of --validateMappings implies use of minScoreFraction. Since not explicitly specified, it is being set to 0.65
[2020-04-07 12:56:17.143] [jointLog] [info] Usage of --validateMappings implies a default consensus slack of 0.2. Setting consensusSlack to 0.35.
[2020-04-07 12:56:17.143] [jointLog] [info] parsing read library format
[2020-04-07 12:56:17.143] [jointLog] [info] There is 1 library.
[2020-04-07 12:56:17.314] [jointLog] [info] Loading pufferfish index
[2020-04-07 12:56:17.314] [jointLog] [info] Loading dense pufferfish index.
[2020-04-07 12:56:18.147] [jointLog] [info] done
[2020-04-07 12:56:18.147] [jointLog] [info] Index contained 31,940 targets
[2020-04-07 12:56:18.162] [jointLog] [info] Number of decoys : 1,870
[2020-04-07 12:56:18.162] [jointLog] [info] First decoy index : 30,069 
[2020-04-07 12:56:18.451] [jointLog] [info] Automatically detected most likely library type as U
[2020-04-07 12:56:41.219] [jointLog] [info] Computed 43,102 rich equivalence classes for further processing
[2020-04-07 12:56:41.219] [jointLog] [info] Counted 14,806,639 total reads in the equivalence classes 
[2020-04-07 12:56:41.225] [jointLog] [info] Number of mappings discarded because of alignment score : 915,004
[2020-04-07 12:56:41.225] [jointLog] [info] Number of fragments entirely discarded because of alignment score : 116,557
[2020-04-07 12:56:41.225] [jointLog] [info] Number of fragments discarded because they are best-mapped to decoys : 46,243
[2020-04-07 12:56:41.225] [jointLog] [info] Number of fragments discarded because they have only dovetail (discordant) mappings to valid targets : 0
[2020-04-07 12:56:41.225] [jointLog] [info] Mapping rate = 77.0852%

[2020-04-07 12:56:41.225] [jointLog] [info] finished quantifyLibrary()
[2020-04-07 12:56:41.225] [jointLog] [info] Starting optimizer
[2020-04-07 12:56:41.240] [jointLog] [info] Marked 0 weighted equivalence classes as degenerate
[2020-04-07 12:56:41.242] [jointLog] [info] iteration = 0 | max rel diff. = 21689.5
[2020-04-07 12:56:41.219] [fileLog] [info] 
At end of round 0
==================
Observed 19208140 total fragments (19208140 in most recent round)

[2020-04-07 12:56:41.428] [jointLog] [info] iteration = 100 | max rel diff. = 19.1757
[2020-04-07 12:56:41.615] [jointLog] [info] iteration = 200 | max rel diff. = 14.8196
[2020-04-07 12:56:41.802] [jointLog] [info] iteration = 300 | max rel diff. = 1.92925
[2020-04-07 12:56:41.991] [jointLog] [info] iteration = 400 | max rel diff. = 2.72167
[2020-04-07 12:56:42.178] [jointLog] [info] iteration = 500 | max rel diff. = 1.1302
[2020-04-07 12:56:42.364] [jointLog] [info] iteration = 600 | max rel diff. = 0.0734467
[2020-04-07 12:56:42.551] [jointLog] [info] iteration = 700 | max rel diff. = 1.76919
[2020-04-07 12:56:42.737] [jointLog] [info] iteration = 800 | max rel diff. = 3.59321
[2020-04-07 12:56:42.927] [jointLog] [info] iteration = 900 | max rel diff. = 0.0858069
[2020-04-07 12:56:43.117] [jointLog] [info] iteration = 1,000 | max rel diff. = 0.14648
[2020-04-07 12:56:43.303] [jointLog] [info] iteration = 1,100 | max rel diff. = 0.147949
[2020-04-07 12:56:43.494] [jointLog] [info] iteration = 1,200 | max rel diff. = 0.34174
[2020-04-07 12:56:43.687] [jointLog] [info] iteration = 1,300 | max rel diff. = 0.046065
[2020-04-07 12:56:43.868] [jointLog] [info] iteration = 1,400 | max rel diff. = 0.342964
[2020-04-07 12:56:44.040] [jointLog] [info] iteration = 1,498 | max rel diff. = 0.00992256
[2020-04-07 12:56:44.041] [jointLog] [info] Finished optimizer
[2020-04-07 12:56:44.041] [jointLog] [info] writing output 

