[2020-04-07 13:49:57.881] [jointLog] [info] Fragment incompatibility prior below threshold.  Incompatible fragments will be ignored.
[2020-04-07 13:49:57.881] [jointLog] [info] Usage of --validateMappings implies use of minScoreFraction. Since not explicitly specified, it is being set to 0.65
[2020-04-07 13:49:57.881] [jointLog] [info] Usage of --validateMappings implies a default consensus slack of 0.2. Setting consensusSlack to 0.35.
[2020-04-07 13:49:57.881] [jointLog] [info] parsing read library format
[2020-04-07 13:49:57.881] [jointLog] [info] There is 1 library.
[2020-04-07 13:49:58.013] [jointLog] [info] Loading pufferfish index
[2020-04-07 13:49:58.013] [jointLog] [info] Loading dense pufferfish index.
[2020-04-07 13:49:58.848] [jointLog] [info] done
[2020-04-07 13:49:58.848] [jointLog] [info] Index contained 31,940 targets
[2020-04-07 13:49:58.864] [jointLog] [info] Number of decoys : 1,870
[2020-04-07 13:49:58.864] [jointLog] [info] First decoy index : 30,069 
[2020-04-07 13:49:59.200] [jointLog] [info] Automatically detected most likely library type as U
[2020-04-07 13:50:23.147] [jointLog] [info] Computed 42,665 rich equivalence classes for further processing
[2020-04-07 13:50:23.147] [jointLog] [info] Counted 15,232,002 total reads in the equivalence classes 
[2020-04-07 13:50:23.153] [jointLog] [info] Number of mappings discarded because of alignment score : 990,255
[2020-04-07 13:50:23.153] [jointLog] [info] Number of fragments entirely discarded because of alignment score : 127,114
[2020-04-07 13:50:23.153] [jointLog] [info] Number of fragments discarded because they are best-mapped to decoys : 49,422
[2020-04-07 13:50:23.153] [jointLog] [info] Number of fragments discarded because they have only dovetail (discordant) mappings to valid targets : 0
[2020-04-07 13:50:23.153] [jointLog] [info] Mapping rate = 78.8214%

[2020-04-07 13:50:23.153] [jointLog] [info] finished quantifyLibrary()
[2020-04-07 13:50:23.153] [jointLog] [info] Starting optimizer
[2020-04-07 13:50:23.171] [jointLog] [info] Marked 0 weighted equivalence classes as degenerate
[2020-04-07 13:50:23.173] [jointLog] [info] iteration = 0 | max rel diff. = 19620.9
[2020-04-07 13:50:23.354] [jointLog] [info] iteration = 100 | max rel diff. = 16.2201
[2020-04-07 13:50:23.540] [jointLog] [info] iteration = 200 | max rel diff. = 20.0355
[2020-04-07 13:50:23.147] [fileLog] [info] 
At end of round 0
==================
Observed 19324704 total fragments (19324704 in most recent round)

[2020-04-07 13:50:23.725] [jointLog] [info] iteration = 300 | max rel diff. = 2.24026
[2020-04-07 13:50:23.909] [jointLog] [info] iteration = 400 | max rel diff. = 5.82519
[2020-04-07 13:50:24.094] [jointLog] [info] iteration = 500 | max rel diff. = 0.607307
[2020-04-07 13:50:24.278] [jointLog] [info] iteration = 600 | max rel diff. = 0.959737
[2020-04-07 13:50:24.462] [jointLog] [info] iteration = 700 | max rel diff. = 5.40508
[2020-04-07 13:50:24.647] [jointLog] [info] iteration = 800 | max rel diff. = 0.987292
[2020-04-07 13:50:24.832] [jointLog] [info] iteration = 900 | max rel diff. = 0.33342
[2020-04-07 13:50:25.017] [jointLog] [info] iteration = 1,000 | max rel diff. = 0.413357
[2020-04-07 13:50:25.200] [jointLog] [info] iteration = 1,100 | max rel diff. = 0.0300502
[2020-04-07 13:50:25.255] [jointLog] [info] iteration = 1,132 | max rel diff. = 0.00683011
[2020-04-07 13:50:25.256] [jointLog] [info] Finished optimizer
[2020-04-07 13:50:25.256] [jointLog] [info] writing output 

