[2020-04-07 16:04:41.209] [jointLog] [info] Fragment incompatibility prior below threshold.  Incompatible fragments will be ignored.
[2020-04-07 16:04:41.209] [jointLog] [info] Usage of --validateMappings implies use of minScoreFraction. Since not explicitly specified, it is being set to 0.65
[2020-04-07 16:04:41.209] [jointLog] [info] Usage of --validateMappings implies a default consensus slack of 0.2. Setting consensusSlack to 0.35.
[2020-04-07 16:04:41.209] [jointLog] [info] parsing read library format
[2020-04-07 16:04:41.209] [jointLog] [info] There is 1 library.
[2020-04-07 16:04:41.435] [jointLog] [info] Loading pufferfish index
[2020-04-07 16:04:41.435] [jointLog] [info] Loading dense pufferfish index.
[2020-04-07 16:04:42.317] [jointLog] [info] done
[2020-04-07 16:04:42.317] [jointLog] [info] Index contained 31,940 targets
[2020-04-07 16:04:42.331] [jointLog] [info] Number of decoys : 1,870
[2020-04-07 16:04:42.331] [jointLog] [info] First decoy index : 30,069 
[2020-04-07 16:04:42.641] [jointLog] [info] Automatically detected most likely library type as U
[2020-04-07 16:05:03.139] [jointLog] [info] Computed 41,254 rich equivalence classes for further processing
[2020-04-07 16:05:03.139] [jointLog] [info] Counted 13,000,639 total reads in the equivalence classes 
[2020-04-07 16:05:03.145] [jointLog] [info] Number of mappings discarded because of alignment score : 777,061
[2020-04-07 16:05:03.145] [jointLog] [info] Number of fragments entirely discarded because of alignment score : 93,521
[2020-04-07 16:05:03.145] [jointLog] [info] Number of fragments discarded because they are best-mapped to decoys : 44,334
[2020-04-07 16:05:03.145] [jointLog] [info] Number of fragments discarded because they have only dovetail (discordant) mappings to valid targets : 0
[2020-04-07 16:05:03.145] [jointLog] [info] Mapping rate = 74.9132%

[2020-04-07 16:05:03.145] [jointLog] [info] finished quantifyLibrary()
[2020-04-07 16:05:03.146] [jointLog] [info] Starting optimizer
[2020-04-07 16:05:03.159] [jointLog] [info] Marked 0 weighted equivalence classes as degenerate
[2020-04-07 16:05:03.160] [jointLog] [info] iteration = 0 | max rel diff. = 27126.9
[2020-04-07 16:05:03.328] [jointLog] [info] iteration = 100 | max rel diff. = 15.3938
[2020-04-07 16:05:03.140] [fileLog] [info] 
At end of round 0
==================
Observed 17354275 total fragments (17354275 in most recent round)

[2020-04-07 16:05:03.499] [jointLog] [info] iteration = 200 | max rel diff. = 9.95123
[2020-04-07 16:05:03.669] [jointLog] [info] iteration = 300 | max rel diff. = 3.00012
[2020-04-07 16:05:03.840] [jointLog] [info] iteration = 400 | max rel diff. = 3.90441
[2020-04-07 16:05:04.012] [jointLog] [info] iteration = 500 | max rel diff. = 8.88863
[2020-04-07 16:05:04.182] [jointLog] [info] iteration = 600 | max rel diff. = 0.164393
[2020-04-07 16:05:04.351] [jointLog] [info] iteration = 700 | max rel diff. = 1.47418
[2020-04-07 16:05:04.520] [jointLog] [info] iteration = 800 | max rel diff. = 0.3378
[2020-04-07 16:05:04.700] [jointLog] [info] iteration = 900 | max rel diff. = 3.33634
[2020-04-07 16:05:04.884] [jointLog] [info] iteration = 1,000 | max rel diff. = 0.19654
[2020-04-07 16:05:05.064] [jointLog] [info] iteration = 1,100 | max rel diff. = 0.0418009
[2020-04-07 16:05:05.246] [jointLog] [info] iteration = 1,200 | max rel diff. = 0.015669
[2020-04-07 16:05:05.430] [jointLog] [info] iteration = 1,300 | max rel diff. = 0.299641
[2020-04-07 16:05:05.613] [jointLog] [info] iteration = 1,400 | max rel diff. = 0.0190125
[2020-04-07 16:05:05.776] [jointLog] [info] iteration = 1,491 | max rel diff. = 0.00992917
[2020-04-07 16:05:05.777] [jointLog] [info] Finished optimizer
[2020-04-07 16:05:05.777] [jointLog] [info] writing output 

