[2020-04-09 00:21:42.911] [jointLog] [info] Fragment incompatibility prior below threshold.  Incompatible fragments will be ignored.
[2020-04-09 00:21:42.911] [jointLog] [info] Usage of --validateMappings implies use of minScoreFraction. Since not explicitly specified, it is being set to 0.65
[2020-04-09 00:21:42.911] [jointLog] [info] Usage of --validateMappings implies a default consensus slack of 0.2. Setting consensusSlack to 0.35.
[2020-04-09 00:21:42.911] [jointLog] [info] parsing read library format
[2020-04-09 00:21:42.911] [jointLog] [info] There is 1 library.
[2020-04-09 00:21:43.155] [jointLog] [info] Loading pufferfish index
[2020-04-09 00:21:43.155] [jointLog] [info] Loading dense pufferfish index.
[2020-04-09 00:21:43.993] [jointLog] [info] done
[2020-04-09 00:21:43.993] [jointLog] [info] Index contained 31,940 targets
[2020-04-09 00:21:44.006] [jointLog] [info] Number of decoys : 1,870
[2020-04-09 00:21:44.007] [jointLog] [info] First decoy index : 30,069 
[2020-04-09 00:21:44.236] [jointLog] [info] Automatically detected most likely library type as SR
[2020-04-09 00:22:14.924] [jointLog] [info] Thread saw mini-batch with a maximum of 1.08% zero probability fragments
[2020-04-09 00:22:14.928] [jointLog] [info] Thread saw mini-batch with a maximum of 1.18% zero probability fragments
[2020-04-09 00:22:14.944] [jointLog] [info] Thread saw mini-batch with a maximum of 1.14% zero probability fragments
[2020-04-09 00:22:14.948] [jointLog] [info] Thread saw mini-batch with a maximum of 1.08% zero probability fragments
[2020-04-09 00:22:14.951] [jointLog] [info] Thread saw mini-batch with a maximum of 1.20% zero probability fragments
[2020-04-09 00:22:14.952] [jointLog] [info] Thread saw mini-batch with a maximum of 1.16% zero probability fragments
[2020-04-09 00:22:14.953] [jointLog] [info] Thread saw mini-batch with a maximum of 1.10% zero probability fragments
[2020-04-09 00:22:14.953] [jointLog] [info] Thread saw mini-batch with a maximum of 1.20% zero probability fragments
[2020-04-09 00:22:15.005] [jointLog] [info] Computed 41,764 rich equivalence classes for further processing
[2020-04-09 00:22:15.005] [jointLog] [info] Counted 16,810,174 total reads in the equivalence classes 
[2020-04-09 00:22:15.011] [jointLog] [info] Number of mappings discarded because of alignment score : 1,140,731
[2020-04-09 00:22:15.011] [jointLog] [info] Number of fragments entirely discarded because of alignment score : 165,673
[2020-04-09 00:22:15.011] [jointLog] [info] Number of fragments discarded because they are best-mapped to decoys : 127,924
[2020-04-09 00:22:15.011] [jointLog] [info] Number of fragments discarded because they have only dovetail (discordant) mappings to valid targets : 0
[2020-04-09 00:22:15.011] [jointLog] [info] Mapping rate = 79.0053%

[2020-04-09 00:22:15.011] [jointLog] [info] finished quantifyLibrary()
[2020-04-09 00:22:15.011] [jointLog] [info] Starting optimizer
[2020-04-09 00:22:15.027] [jointLog] [info] Marked 0 weighted equivalence classes as degenerate
[2020-04-09 00:22:15.029] [jointLog] [info] iteration = 0 | max rel diff. = 34102
[2020-04-09 00:22:15.005] [fileLog] [info] 
At end of round 0
==================
Observed 21277283 total fragments (21277283 in most recent round)

[2020-04-09 00:22:15.208] [jointLog] [info] iteration = 100 | max rel diff. = 12.1221
[2020-04-09 00:22:15.386] [jointLog] [info] iteration = 200 | max rel diff. = 6.85813
[2020-04-09 00:22:15.566] [jointLog] [info] iteration = 300 | max rel diff. = 2.61956
[2020-04-09 00:22:15.744] [jointLog] [info] iteration = 400 | max rel diff. = 5.5358
[2020-04-09 00:22:15.920] [jointLog] [info] iteration = 500 | max rel diff. = 2.9334
[2020-04-09 00:22:16.099] [jointLog] [info] iteration = 600 | max rel diff. = 11.3746
[2020-04-09 00:22:16.278] [jointLog] [info] iteration = 700 | max rel diff. = 1.98549
[2020-04-09 00:22:16.459] [jointLog] [info] iteration = 800 | max rel diff. = 2.00126
[2020-04-09 00:22:16.641] [jointLog] [info] iteration = 900 | max rel diff. = 0.940697
[2020-04-09 00:22:16.824] [jointLog] [info] iteration = 1,000 | max rel diff. = 0.452371
[2020-04-09 00:22:17.007] [jointLog] [info] iteration = 1,100 | max rel diff. = 3.66139
[2020-04-09 00:22:17.190] [jointLog] [info] iteration = 1,200 | max rel diff. = 0.19942
[2020-04-09 00:22:17.369] [jointLog] [info] iteration = 1,300 | max rel diff. = 0.0986246
[2020-04-09 00:22:17.541] [jointLog] [info] iteration = 1,400 | max rel diff. = 0.028798
[2020-04-09 00:22:17.726] [jointLog] [info] iteration = 1,500 | max rel diff. = 0.051015
[2020-04-09 00:22:17.907] [jointLog] [info] iteration = 1,600 | max rel diff. = 0.0215663
[2020-04-09 00:22:18.087] [jointLog] [info] iteration = 1,700 | max rel diff. = 0.0353553
[2020-04-09 00:22:18.265] [jointLog] [info] iteration = 1,800 | max rel diff. = 17.2544
[2020-04-09 00:22:18.366] [jointLog] [info] iteration = 1,857 | max rel diff. = 0.00893711
[2020-04-09 00:22:18.367] [jointLog] [info] Finished optimizer
[2020-04-09 00:22:18.367] [jointLog] [info] writing output 

