[2020-04-07 15:02:16.568] [jointLog] [info] Fragment incompatibility prior below threshold.  Incompatible fragments will be ignored.
[2020-04-07 15:02:16.568] [jointLog] [info] Usage of --validateMappings implies use of minScoreFraction. Since not explicitly specified, it is being set to 0.65
[2020-04-07 15:02:16.568] [jointLog] [info] Usage of --validateMappings implies a default consensus slack of 0.2. Setting consensusSlack to 0.35.
[2020-04-07 15:02:16.568] [jointLog] [info] parsing read library format
[2020-04-07 15:02:16.568] [jointLog] [info] There is 1 library.
[2020-04-07 15:02:16.749] [jointLog] [info] Loading pufferfish index
[2020-04-07 15:02:16.749] [jointLog] [info] Loading dense pufferfish index.
[2020-04-07 15:02:17.627] [jointLog] [info] done
[2020-04-07 15:02:17.627] [jointLog] [info] Index contained 31,940 targets
[2020-04-07 15:02:17.643] [jointLog] [info] Number of decoys : 1,870
[2020-04-07 15:02:17.643] [jointLog] [info] First decoy index : 30,069 
[2020-04-07 15:02:17.916] [jointLog] [info] Automatically detected most likely library type as U
[2020-04-07 15:02:43.672] [jointLog] [info] Computed 49,669 rich equivalence classes for further processing
[2020-04-07 15:02:43.672] [jointLog] [info] Counted 15,716,412 total reads in the equivalence classes 
[2020-04-07 15:02:43.678] [jointLog] [info] Number of mappings discarded because of alignment score : 1,071,898
[2020-04-07 15:02:43.678] [jointLog] [info] Number of fragments entirely discarded because of alignment score : 123,177
[2020-04-07 15:02:43.678] [jointLog] [info] Number of fragments discarded because they are best-mapped to decoys : 49,893
[2020-04-07 15:02:43.678] [jointLog] [info] Number of fragments discarded because they have only dovetail (discordant) mappings to valid targets : 0
[2020-04-07 15:02:43.678] [jointLog] [info] Mapping rate = 81.1026%

[2020-04-07 15:02:43.678] [jointLog] [info] finished quantifyLibrary()
[2020-04-07 15:02:43.679] [jointLog] [info] Starting optimizer
[2020-04-07 15:02:43.693] [jointLog] [info] Marked 0 weighted equivalence classes as degenerate
[2020-04-07 15:02:43.695] [jointLog] [info] iteration = 0 | max rel diff. = 29267.6
[2020-04-07 15:02:43.673] [fileLog] [info] 
At end of round 0
==================
Observed 19378438 total fragments (19378438 in most recent round)

[2020-04-07 15:02:43.891] [jointLog] [info] iteration = 100 | max rel diff. = 18.2765
[2020-04-07 15:02:44.091] [jointLog] [info] iteration = 200 | max rel diff. = 17.7496
[2020-04-07 15:02:44.291] [jointLog] [info] iteration = 300 | max rel diff. = 3.44715
[2020-04-07 15:02:44.491] [jointLog] [info] iteration = 400 | max rel diff. = 6.00315
[2020-04-07 15:02:44.691] [jointLog] [info] iteration = 500 | max rel diff. = 0.830107
[2020-04-07 15:02:44.893] [jointLog] [info] iteration = 600 | max rel diff. = 0.432269
[2020-04-07 15:02:45.094] [jointLog] [info] iteration = 700 | max rel diff. = 0.220958
[2020-04-07 15:02:45.294] [jointLog] [info] iteration = 800 | max rel diff. = 0.665628
[2020-04-07 15:02:45.494] [jointLog] [info] iteration = 900 | max rel diff. = 0.243693
[2020-04-07 15:02:45.694] [jointLog] [info] iteration = 1,000 | max rel diff. = 0.047614
[2020-04-07 15:02:45.894] [jointLog] [info] iteration = 1,100 | max rel diff. = 0.0420344
[2020-04-07 15:02:46.094] [jointLog] [info] iteration = 1,200 | max rel diff. = 14.6021
[2020-04-07 15:02:46.294] [jointLog] [info] iteration = 1,300 | max rel diff. = 0.0291255
[2020-04-07 15:02:46.496] [jointLog] [info] iteration = 1,400 | max rel diff. = 0.0229532
[2020-04-07 15:02:46.687] [jointLog] [info] iteration = 1,500 | max rel diff. = 0.969329
[2020-04-07 15:02:46.884] [jointLog] [info] iteration = 1,600 | max rel diff. = 0.0422613
[2020-04-07 15:02:47.084] [jointLog] [info] iteration = 1,700 | max rel diff. = 0.0417803
[2020-04-07 15:02:47.284] [jointLog] [info] iteration = 1,800 | max rel diff. = 0.0682639
[2020-04-07 15:02:47.406] [jointLog] [info] iteration = 1,862 | max rel diff. = 0.00715574
[2020-04-07 15:02:47.407] [jointLog] [info] Finished optimizer
[2020-04-07 15:02:47.407] [jointLog] [info] writing output 

